((LET (PATRON (VARIABLE a)) (ENTERO 2) ((LET (PATRON (VARIABLE f)) ((FUN (LISTAPATRON (PATRON (VARIABLE x)) ) (MAS (VARIABLE x) (VARIABLE a)) )) (APLICAR (VARIABLE f) (ENTERO 5))))))
no_terminal 
 I:  no_terminal
no_terminal 
 I:  
 
 I:  LET
LET 
 I:  sub 
 D:  no_terminal
no_terminal 
 I:  no_terminal
no_terminal 
 I:  CONSTANTE
CONSTANTE 
 I:  ENTERO
no_terminal 
 I:  no_terminal
no_terminal 
 I:  
 
 I:  LET
LET 
 I:  sub 
 D:  no_terminal
no_terminal 
 I:  no_terminal
no_terminal 
 I:  
 
 I:  FUN
FUN 
 I:  arg2
In-Fun
 - (LISTAPATRON (PATRON (VARIABLE x)) ) (MAS (VARIABLE x) (VARIABLE a))  
 - 
arg2 
 I:  lfe
lfe 
 I:  LISTAPATRON 
 D:  MAS
no_terminal 
 I:  APLICAR
APLICAR 
 I:  no_terminal 
 D:  no_terminal
APPLY
 - (VARIABLE f) 
 - (ENTERO 5)
+C0
 + (ENTERO 5) 
 + (LISTAPATRON (PATRON (VARIABLE x)) ) 
 + (MAS (VARIABLE x) (VARIABLE a))
MATCH
 - (ENTERO 5) 
 - (LISTAPATRON (PATRON (VARIABLE x)) )
MATCH
 - (ENTERO 5) 
 - (LISTAPATRON (PATRON (VARIABLE x)) )
MATCH
 - (PATRON (VARIABLE x))  
 - (ENTERO 5)
MATCH
 - (PATRON (VARIABLE x)) 
 - (ENTERO 5)
MATCH
 - (VARIABLE x) 
 - (ENTERO 5)
MATCH
 - (VARIABLE x) 
 - (ENTERO 5)
MAS 
 I:  no_terminal 
 D:  no_terminal
no_terminal 
 I:  no_terminal
no_terminal 
 I:  no_terminal
no_terminal 
 I:  VARIABLE
VARIABLE
no_terminal 
 I:  no_terminal
no_terminal 
 I:  no_terminal
no_terminal 
 I:  VARIABLE
VARIABLE
7
None
