((LET (PATRON (VARIABLE f)) ((FUN (LISTAPATRON (PATRON (VARIABLE x)) ) ((MAS (VARIABLE x) (ENTERO 2)))  (LISTAPATRON (PATRON (ENTERO 5)) ) (ENTERO 3))) (APLICAR (VARIABLE f) (ENTERO 5))))
no_terminal 
 I:  no_terminal
no_terminal 
 I:  
 
 I:  LET
LET 
 I:  sub 
 D:  no_terminal
no_terminal 
 I:  no_terminal
no_terminal 
 I:  
 
 I:  FUN
FUN 
 I:  arg
In-Fun
 - (LISTAPATRON (PATRON (VARIABLE x)) ) ((MAS (VARIABLE x) (ENTERO 2)))  (LISTAPATRON (PATRON (ENTERO 5)) ) (ENTERO 3) 
 - 
arg 
 I:  arg2 
 D:  lfe
arg2 
 I:  lfe
lfe 
 I:  LISTAPATRON 
 D:  no_terminal
lfe 
 I:  LISTAPATRON 
 D:  no_terminal
no_terminal 
 I:  APLICAR
APLICAR 
 I:  no_terminal 
 D:  no_terminal
APPLY
 - (VARIABLE f) 
 - (ENTERO 5)
+C0
 + (ENTERO 5) 
 + (LISTAPATRON (PATRON (VARIABLE x)) ) 
 + ((MAS (VARIABLE x) (ENTERO 2)))
MATCH
 - (ENTERO 5) 
 - (LISTAPATRON (PATRON (VARIABLE x)) )
MATCH
 - (ENTERO 5) 
 - (LISTAPATRON (PATRON (VARIABLE x)) )
MATCH
 - (PATRON (VARIABLE x))  
 - (ENTERO 5)
MATCH
 - (PATRON (VARIABLE x)) 
 - (ENTERO 5)
MATCH
 - (VARIABLE x) 
 - (ENTERO 5)
MATCH
 - (VARIABLE x) 
 - (ENTERO 5)
no_terminal 
 I:  no_terminal
no_terminal 
 I:  
 
 I:  MAS
MAS 
 I:  no_terminal 
 D:  no_terminal
no_terminal 
 I:  no_terminal
no_terminal 
 I:  no_terminal
no_terminal 
 I:  VARIABLE
VARIABLE
no_terminal 
 I:  no_terminal
no_terminal 
 I:  CONSTANTE
CONSTANTE 
 I:  ENTERO
7
None
