(APLICAR ((FUN (LISTAPATRON (PATRON (PATRON (LISTA (PATRON (VARIABLE x)) (PATRON (VARIABLE xs))))) ) (BOOLEANO FALSE)  (LISTAPATRON (PATRON (LISTAVACIA)) ) (BOOLEANO TRUE))) (LISTAVACIA))
MATCH
 - (LISTAPATRON (PATRON (PATRON (LISTA (PATRON (VARIABLE x)) (PATRON (VARIABLE xs))))) ) 
 - (LISTAVACIA)
MATCH
 - (PATRON (PATRON (LISTA (PATRON (VARIABLE x)) (PATRON (VARIABLE xs)))))  
 - (LISTAVACIA)
MATCH
 - (PATRON (PATRON (LISTA (PATRON (VARIABLE x)) (PATRON (VARIABLE xs))))) 
 - (LISTAVACIA)
MATCH
 - (PATRON (LISTA (PATRON (VARIABLE x)) (PATRON (VARIABLE xs)))) 
 - (LISTAVACIA)
MATCH
 - (LISTA (PATRON (VARIABLE x)) (PATRON (VARIABLE xs))) 
 - (LISTAVACIA)
MATCH
 - (LISTAPATRON (PATRON (LISTAVACIA)) ) 
 - (LISTAVACIA)
MATCH
 - (PATRON (LISTAVACIA))  
 - (LISTAVACIA)
MATCH
 - (PATRON (LISTAVACIA)) 
 - (LISTAVACIA)
MATCH
 - (LISTAVACIA) 
 - (LISTAVACIA)
APPLY
 @ CLS
 ~{}
 ~[(<Nodo.Nodo instance at 0x8848c0>, <Nodo.Nodo instance at 0x884830>), (<Nodo.Nodo instance at 0x884c20>, <Nodo.Nodo instance at 0x884b90>)] 
 @ (BOOLEANO TRUE) 
 @ {} 
 @ {'LISTAVACIA': 'LISTAVACIA'}
TRUE
