(APLICAR ((FUN (LISTAPATRON (PATRON (PATRON (LISTA (PATRON (VARIABLE x)) (PATRON (VARIABLE xs))))) ) (BOOLEANO FALSE)  (LISTAPATRON (PATRON (LISTA (PATRON (ENTERO 1)) (PATRON (ENTERO 2)))) ) (BOOLEANO TRUE))) ((LISTA (ENTERO 1) (ENTERO 2))))
MATCH
 - (LISTAPATRON (PATRON (PATRON (LISTA (PATRON (VARIABLE x)) (PATRON (VARIABLE xs))))) ) 
 - (LISTA (ENTERO 1) (ENTERO 2))
MATCH
 - (PATRON (PATRON (LISTA (PATRON (VARIABLE x)) (PATRON (VARIABLE xs)))))  
 - (LISTA (ENTERO 1) (ENTERO 2))
MATCH
 - (PATRON (PATRON (LISTA (PATRON (VARIABLE x)) (PATRON (VARIABLE xs))))) 
 - (LISTA (ENTERO 1) (ENTERO 2))
MATCH
 - (PATRON (LISTA (PATRON (VARIABLE x)) (PATRON (VARIABLE xs)))) 
 - (LISTA (ENTERO 1) (ENTERO 2))
MATCH
 - (LISTA (PATRON (VARIABLE x)) (PATRON (VARIABLE xs))) 
 - (LISTA (ENTERO 1) (ENTERO 2))
MATCH
 - (PATRON (VARIABLE x)) 
 - (ENTERO 1)
MATCH
 - (VARIABLE x) 
 - (ENTERO 1)
MATCH
 - (VARIABLE x) 
 - (ENTERO 1)
MATCH
 - (ENTERO 1) 
 - (VARIABLE x)
MATCH
 - (ENTERO 1) 
 - (VARIABLE x)
MATCH
 - (PATRON (VARIABLE xs)) 
 - (ENTERO 2)
MATCH
 - (VARIABLE xs) 
 - (ENTERO 2)
MATCH
 - (VARIABLE xs) 
 - (ENTERO 2)
MATCH
 - (ENTERO 2) 
 - (VARIABLE xs)
MATCH
 - (ENTERO 2) 
 - (VARIABLE xs)
APPLY
 @ CLS
 ~{}
 ~[(<Nodo.Nodo instance at 0xebf8c0>, <Nodo.Nodo instance at 0xebf830>), (<Nodo.Nodo instance at 0xebfd88>, <Nodo.Nodo instance at 0xebe050>)] 
 @ (BOOLEANO FALSE) 
 @ {} 
 @ {'x::xs': '1::2'}
FALSE
