(APLICAR ((FUN (LISTAPATRON (PATRON (PATRON (LISTA (PATRON (ENTERO 1)) (PATRON (ENTERO 3))))) ) (BOOLEANO FALSE)  (LISTAPATRON (PATRON (LISTA (PATRON (ENTERO 1)) (PATRON (ENTERO 2)))) ) (BOOLEANO TRUE))) ((LISTA (ENTERO 1) (ENTERO 2))))
MATCH
 - (LISTAPATRON (PATRON (PATRON (LISTA (PATRON (ENTERO 1)) (PATRON (ENTERO 3))))) ) 
 - (LISTA (ENTERO 1) (ENTERO 2))
MATCH
 - (PATRON (PATRON (LISTA (PATRON (ENTERO 1)) (PATRON (ENTERO 3)))))  
 - (LISTA (ENTERO 1) (ENTERO 2))
MATCH
 - (PATRON (PATRON (LISTA (PATRON (ENTERO 1)) (PATRON (ENTERO 3))))) 
 - (LISTA (ENTERO 1) (ENTERO 2))
MATCH
 - (PATRON (LISTA (PATRON (ENTERO 1)) (PATRON (ENTERO 3)))) 
 - (LISTA (ENTERO 1) (ENTERO 2))
MATCH
 - (LISTA (PATRON (ENTERO 1)) (PATRON (ENTERO 3))) 
 - (LISTA (ENTERO 1) (ENTERO 2))
MATCH
 - (PATRON (ENTERO 1)) 
 - (ENTERO 1)
MATCH
 - (ENTERO 1) 
 - (ENTERO 1)
MATCH
 - (ENTERO 1) 
 - (ENTERO 1)
MATCH
 - (ENTERO 1) 
 - (ENTERO 1)
MATCH
 - 1 
 - 1
MATCH
 - (PATRON (ENTERO 3)) 
 - (ENTERO 2)
MATCH
 - (ENTERO 3) 
 - (ENTERO 2)
MATCH
 - (ENTERO 2) 
 - (ENTERO 3)
MATCH
 - (ENTERO 2) 
 - (ENTERO 3)
MATCH
 - 2 
 - 3
MATCH
 - (LISTAPATRON (PATRON (LISTA (PATRON (ENTERO 1)) (PATRON (ENTERO 2)))) ) 
 - (LISTA (ENTERO 1) (ENTERO 2))
MATCH
 - (PATRON (LISTA (PATRON (ENTERO 1)) (PATRON (ENTERO 2))))  
 - (LISTA (ENTERO 1) (ENTERO 2))
MATCH
 - (PATRON (LISTA (PATRON (ENTERO 1)) (PATRON (ENTERO 2)))) 
 - (LISTA (ENTERO 1) (ENTERO 2))
MATCH
 - (LISTA (PATRON (ENTERO 1)) (PATRON (ENTERO 2))) 
 - (LISTA (ENTERO 1) (ENTERO 2))
MATCH
 - (PATRON (ENTERO 1)) 
 - (ENTERO 1)
MATCH
 - (ENTERO 1) 
 - (ENTERO 1)
MATCH
 - (ENTERO 1) 
 - (ENTERO 1)
MATCH
 - (ENTERO 1) 
 - (ENTERO 1)
MATCH
 - 1 
 - 1
MATCH
 - (PATRON (ENTERO 2)) 
 - (ENTERO 2)
MATCH
 - (ENTERO 2) 
 - (ENTERO 2)
MATCH
 - (ENTERO 2) 
 - (ENTERO 2)
MATCH
 - (ENTERO 2) 
 - (ENTERO 2)
MATCH
 - 2 
 - 2
APPLY
 @ CLS
 ~{}
 ~[(<Nodo.Nodo instance at 0x13c68c0>, <Nodo.Nodo instance at 0x13c6830>), (<Nodo.Nodo instance at 0x13c5050>, <Nodo.Nodo instance at 0x13c6bd8>)] 
 @ (BOOLEANO TRUE) 
 @ {} 
 @ {'1::2': '1::2'}
TRUE
