((LET (PATRON (VARIABLE sum)) ((FUN (LISTAPATRON (PATRON (ENTERO 1)) ) (ENTERO 1)  (LISTAPATRON (PATRON (VARIABLE n)) ) (MAS (VARIABLE n) ((APLICAR (VARIABLE sum) ((MENOS (VARIABLE n) (ENTERO 1)))))))) (APLICAR (VARIABLE sum) (ENTERO 50))))

here 49 50 1 


here 48 49 1 


here 47 48 1 


here 46 47 1 


here 45 46 1 


here 44 45 1 


here 43 44 1 


here 42 43 1 


here 41 42 1 


here 40 41 1 


here 39 40 1 


here 38 39 1 


here 37 38 1 


here 36 37 1 


here 35 36 1 


here 34 35 1 


here 33 34 1 


here 32 33 1 


here 31 32 1 


here 30 31 1 


here 29 30 1 


here 28 29 1 


here 27 28 1 


here 26 27 1 


here 25 26 1 


here 24 25 1 


here 23 24 1 


here 22 23 1 


here 21 22 1 


here 20 21 1 


here 19 20 1 


here 18 19 1 


here 17 18 1 


here 16 17 1 


here 15 16 1 


here 14 15 1 


here 13 14 1 


here 12 13 1 


here 11 12 1 


here 10 11 1 


here 9 10 1 


here 8 9 1 


here 7 8 1 


here 6 7 1 


here 5 6 1 


here 4 5 1 


here 3 4 1 


here 2 3 1 


here 1 2 1 


aqui 3 2 1 


aqui 6 3 3 


aqui 10 4 6 


aqui 15 5 10 


aqui 21 6 15 


aqui 28 7 21 


aqui 36 8 28 


aqui 45 9 36 


aqui 55 10 45 


aqui 66 11 55 


aqui 78 12 66 


aqui 91 13 78 


aqui 105 14 91 


aqui 120 15 105 


aqui 136 16 120 


aqui 153 17 136 


aqui 171 18 153 


aqui 190 19 171 


aqui 210 20 190 


aqui 231 21 210 


aqui 253 22 231 


aqui 276 23 253 


aqui 300 24 276 


aqui 325 25 300 


aqui 351 26 325 


aqui 378 27 351 


aqui 406 28 378 


aqui 435 29 406 


aqui 465 30 435 


aqui 496 31 465 


aqui 528 32 496 


aqui 561 33 528 


aqui 595 34 561 


aqui 630 35 595 


aqui 666 36 630 


aqui 703 37 666 


aqui 741 38 703 


aqui 780 39 741 


aqui 820 40 780 


aqui 861 41 820 


aqui 903 42 861 


aqui 946 43 903 


aqui 990 44 946 


aqui 1035 45 990 


aqui 1081 46 1035 


aqui 1128 47 1081 


aqui 1176 48 1128 


aqui 1225 49 1176 


aqui 1275 50 1225 

1275
