((LET (PATRON (VARIABLE longitud)) (FUN (LISTAPATRON (PATRON (LISTAVACIA)) ) (ENTERO 0)  (LISTAPATRON (PATRON (LISTA (PATRON (VARIABLE a)) (PATRON (VARIABLE b)))) ) (MAS (ENTERO 1) ((APLICAR (VARIABLE longitud) (VARIABLE b))))) ((APLICAR (VARIABLE longitud) ((LISTA (ENTERO 1) (LISTA (ENTERO 2) (LISTA (ENTERO 44) (LISTA (VARIABLE True) (LISTAVACIA))))))))))
MATCH
 - (LISTAPATRON (PATRON (LISTAVACIA)) ) 
 - (LISTA (ENTERO 1) (LISTA (ENTERO 2) (LISTA (ENTERO 44) (LISTA (VARIABLE True) (LISTAVACIA)))))
MATCH
 - (PATRON (LISTAVACIA))  
 - (LISTA (ENTERO 1) (LISTA (ENTERO 2) (LISTA (ENTERO 44) (LISTA (VARIABLE True) (LISTAVACIA)))))
MATCH
 - (PATRON (LISTAVACIA)) 
 - (LISTA (ENTERO 1) (LISTA (ENTERO 2) (LISTA (ENTERO 44) (LISTA (VARIABLE True) (LISTAVACIA)))))
MATCH
 - (LISTAVACIA) 
 - (LISTA (ENTERO 1) (LISTA (ENTERO 2) (LISTA (ENTERO 44) (LISTA (VARIABLE True) (LISTAVACIA)))))
MATCH
 - (LISTAPATRON (PATRON (LISTA (PATRON (VARIABLE a)) (PATRON (VARIABLE b)))) ) 
 - (LISTA (ENTERO 1) (LISTA (ENTERO 2) (LISTA (ENTERO 44) (LISTA (VARIABLE True) (LISTAVACIA)))))
MATCH
 - (PATRON (LISTA (PATRON (VARIABLE a)) (PATRON (VARIABLE b))))  
 - (LISTA (ENTERO 1) (LISTA (ENTERO 2) (LISTA (ENTERO 44) (LISTA (VARIABLE True) (LISTAVACIA)))))
MATCH
 - (PATRON (LISTA (PATRON (VARIABLE a)) (PATRON (VARIABLE b)))) 
 - (LISTA (ENTERO 1) (LISTA (ENTERO 2) (LISTA (ENTERO 44) (LISTA (VARIABLE True) (LISTAVACIA)))))
MATCH
 - (LISTA (PATRON (VARIABLE a)) (PATRON (VARIABLE b))) 
 - (LISTA (ENTERO 1) (LISTA (ENTERO 2) (LISTA (ENTERO 44) (LISTA (VARIABLE True) (LISTAVACIA)))))
MATCH
 - (PATRON (VARIABLE a)) 
 - (ENTERO 1)
MATCH
 - (VARIABLE a) 
 - (ENTERO 1)
MATCH
 - (VARIABLE a) 
 - (ENTERO 1)
MATCH
 - (ENTERO 1) 
 - (VARIABLE a)
MATCH
 - (ENTERO 1) 
 - (VARIABLE a)
MATCH
 - (PATRON (VARIABLE b)) 
 - (LISTA (ENTERO 2) (LISTA (ENTERO 44) (LISTA (VARIABLE True) (LISTAVACIA))))
MATCH
 - (VARIABLE b) 
 - (LISTA (ENTERO 2) (LISTA (ENTERO 44) (LISTA (VARIABLE True) (LISTAVACIA))))
MATCH
 - (VARIABLE b) 
 - (LISTA (ENTERO 2) (LISTA (ENTERO 44) (LISTA (VARIABLE True) (LISTAVACIA))))
# {<Nodo.Nodo instance at 0x151ed88>: 'fake', 'b': <Nodo.Nodo instance at 0x151e7e8>, 'longitud': <CLS.CLS instance at 0x151ee18>}
MATCH
 - (LISTAPATRON (PATRON (LISTAVACIA)) ) 
 - (LISTA (ENTERO 2) (LISTA (ENTERO 44) (LISTA (VARIABLE True) (LISTAVACIA))))
MATCH
 - (PATRON (LISTAVACIA))  
 - (LISTA (ENTERO 2) (LISTA (ENTERO 44) (LISTA (VARIABLE True) (LISTAVACIA))))
MATCH
 - (PATRON (LISTAVACIA)) 
 - (LISTA (ENTERO 2) (LISTA (ENTERO 44) (LISTA (VARIABLE True) (LISTAVACIA))))
MATCH
 - (LISTAVACIA) 
 - (LISTA (ENTERO 2) (LISTA (ENTERO 44) (LISTA (VARIABLE True) (LISTAVACIA))))
MATCH
 - (LISTAPATRON (PATRON (LISTA (PATRON (VARIABLE a)) (PATRON (VARIABLE b)))) ) 
 - (LISTA (ENTERO 2) (LISTA (ENTERO 44) (LISTA (VARIABLE True) (LISTAVACIA))))
MATCH
 - (PATRON (LISTA (PATRON (VARIABLE a)) (PATRON (VARIABLE b))))  
 - (LISTA (ENTERO 2) (LISTA (ENTERO 44) (LISTA (VARIABLE True) (LISTAVACIA))))
MATCH
 - (PATRON (LISTA (PATRON (VARIABLE a)) (PATRON (VARIABLE b)))) 
 - (LISTA (ENTERO 2) (LISTA (ENTERO 44) (LISTA (VARIABLE True) (LISTAVACIA))))
MATCH
 - (LISTA (PATRON (VARIABLE a)) (PATRON (VARIABLE b))) 
 - (LISTA (ENTERO 2) (LISTA (ENTERO 44) (LISTA (VARIABLE True) (LISTAVACIA))))
MATCH
 - (PATRON (VARIABLE a)) 
 - (ENTERO 2)
MATCH
 - (VARIABLE a) 
 - (ENTERO 2)
MATCH
 - (VARIABLE a) 
 - (ENTERO 2)
MATCH
 - (ENTERO 2) 
 - (VARIABLE a)
MATCH
 - (ENTERO 2) 
 - (VARIABLE a)
MATCH
 - (PATRON (VARIABLE b)) 
 - (LISTA (ENTERO 44) (LISTA (VARIABLE True) (LISTAVACIA)))
MATCH
 - (VARIABLE b) 
 - (LISTA (ENTERO 44) (LISTA (VARIABLE True) (LISTAVACIA)))
MATCH
 - (VARIABLE b) 
 - (LISTA (ENTERO 44) (LISTA (VARIABLE True) (LISTAVACIA)))
# {<Nodo.Nodo instance at 0x1521878>: 'fake', 'b': <Nodo.Nodo instance at 0x151e950>, 'a::b': <Nodo.Nodo instance at 0x1521ea8>, 'longitud': <CLS.CLS instance at 0x151f050>}
MATCH
 - (LISTAPATRON (PATRON (LISTAVACIA)) ) 
 - (LISTA (ENTERO 44) (LISTA (VARIABLE True) (LISTAVACIA)))
MATCH
 - (PATRON (LISTAVACIA))  
 - (LISTA (ENTERO 44) (LISTA (VARIABLE True) (LISTAVACIA)))
MATCH
 - (PATRON (LISTAVACIA)) 
 - (LISTA (ENTERO 44) (LISTA (VARIABLE True) (LISTAVACIA)))
MATCH
 - (LISTAVACIA) 
 - (LISTA (ENTERO 44) (LISTA (VARIABLE True) (LISTAVACIA)))
MATCH
 - (LISTAPATRON (PATRON (LISTA (PATRON (VARIABLE a)) (PATRON (VARIABLE b)))) ) 
 - (LISTA (ENTERO 44) (LISTA (VARIABLE True) (LISTAVACIA)))
MATCH
 - (PATRON (LISTA (PATRON (VARIABLE a)) (PATRON (VARIABLE b))))  
 - (LISTA (ENTERO 44) (LISTA (VARIABLE True) (LISTAVACIA)))
MATCH
 - (PATRON (LISTA (PATRON (VARIABLE a)) (PATRON (VARIABLE b)))) 
 - (LISTA (ENTERO 44) (LISTA (VARIABLE True) (LISTAVACIA)))
MATCH
 - (LISTA (PATRON (VARIABLE a)) (PATRON (VARIABLE b))) 
 - (LISTA (ENTERO 44) (LISTA (VARIABLE True) (LISTAVACIA)))
MATCH
 - (PATRON (VARIABLE a)) 
 - (ENTERO 44)
MATCH
 - (VARIABLE a) 
 - (ENTERO 44)
MATCH
 - (VARIABLE a) 
 - (ENTERO 44)
MATCH
 - (ENTERO 44) 
 - (VARIABLE a)
MATCH
 - (ENTERO 44) 
 - (VARIABLE a)
MATCH
 - (PATRON (VARIABLE b)) 
 - (LISTA (VARIABLE True) (LISTAVACIA))
MATCH
 - (VARIABLE b) 
 - (LISTA (VARIABLE True) (LISTAVACIA))
MATCH
 - (VARIABLE b) 
 - (LISTA (VARIABLE True) (LISTAVACIA))
# {<Nodo.Nodo instance at 0x1521ea8>: 'fake', 'b': <Nodo.Nodo instance at 0x151ea28>, 'a::b': <Nodo.Nodo instance at 0x1521b90>, 'longitud': <CLS.CLS instance at 0x1521ab8>}
MATCH
 - (LISTAPATRON (PATRON (LISTAVACIA)) ) 
 - (LISTA (VARIABLE True) (LISTAVACIA))
MATCH
 - (PATRON (LISTAVACIA))  
 - (LISTA (VARIABLE True) (LISTAVACIA))
MATCH
 - (PATRON (LISTAVACIA)) 
 - (LISTA (VARIABLE True) (LISTAVACIA))
MATCH
 - (LISTAVACIA) 
 - (LISTA (VARIABLE True) (LISTAVACIA))
MATCH
 - (LISTAPATRON (PATRON (LISTA (PATRON (VARIABLE a)) (PATRON (VARIABLE b)))) ) 
 - (LISTA (VARIABLE True) (LISTAVACIA))
MATCH
 - (PATRON (LISTA (PATRON (VARIABLE a)) (PATRON (VARIABLE b))))  
 - (LISTA (VARIABLE True) (LISTAVACIA))
MATCH
 - (PATRON (LISTA (PATRON (VARIABLE a)) (PATRON (VARIABLE b)))) 
 - (LISTA (VARIABLE True) (LISTAVACIA))
MATCH
 - (LISTA (PATRON (VARIABLE a)) (PATRON (VARIABLE b))) 
 - (LISTA (VARIABLE True) (LISTAVACIA))
MATCH
 - (PATRON (VARIABLE a)) 
 - (VARIABLE True)
MATCH
 - (VARIABLE a) 
 - (VARIABLE True)
MATCH
 - (VARIABLE a) 
 - (VARIABLE True)
MATCH
 - (VARIABLE True) 
 - (VARIABLE a)
MATCH
 - (VARIABLE True) 
 - (VARIABLE a)
MATCH
 - (VARIABLE True) 
 - (VARIABLE a)
MATCH
 - (PATRON (VARIABLE b)) 
 - (LISTAVACIA)
MATCH
 - (VARIABLE b) 
 - (LISTAVACIA)
MATCH
 - (VARIABLE b) 
 - (LISTAVACIA)
MATCH
 - (LISTAVACIA) 
 - (VARIABLE b)
MATCH
 - (LISTAVACIA) 
 - (VARIABLE b)
# {<Nodo.Nodo instance at 0x1521b90>: 'fake', 'b': <Nodo.Nodo instance at 0x151e998>, 'a::b': <Nodo.Nodo instance at 0x1521998>, 'longitud': <CLS.CLS instance at 0x1521dd0>}
MATCH
 - (LISTAPATRON (PATRON (LISTAVACIA)) ) 
 - (LISTAVACIA)
MATCH
 - (PATRON (LISTAVACIA))  
 - (LISTAVACIA)
MATCH
 - (PATRON (LISTAVACIA)) 
 - (LISTAVACIA)
MATCH
 - (LISTAVACIA) 
 - (LISTAVACIA)
MATCH
 - (LISTAVACIA) 
 - (LISTAVACIA)
MATCH
 - (LISTAVACIA) 
 - (LISTAVACIA)
4
